<?xml version="1.0" encoding="UTF-8"?>
<testsuite name="data_structure.ColumnTest" tests="3" skipped="0" failures="0" errors="0" timestamp="2019-04-16T17:21:23" hostname="DESKTOP-UAFVBFT" time="0.001">
  <properties/>
  <testcase name="equals" classname="data_structure.ColumnTest" time="0.001"/>
  <testcase name="checkArrayElements" classname="data_structure.ColumnTest" time="0.0"/>
  <testcase name="testContructor1" classname="data_structure.ColumnTest" time="0.0"/>
  <system-out><![CDATA[]]></system-out>
  <system-err><![CDATA[]]></system-err>
</testsuite>
