<?xml version="1.0" encoding="UTF-8"?>
<testsuite name="data_structure.DataFrameSelectionTest" tests="8" skipped="0" failures="0" errors="0" timestamp="2019-04-16T17:21:23" hostname="DESKTOP-UAFVBFT" time="0.005">
  <properties/>
  <testcase name="test_loc_failed" classname="data_structure.DataFrameSelectionTest" time="0.001"/>
  <testcase name="test_iloc" classname="data_structure.DataFrameSelectionTest" time="0.001"/>
  <testcase name="test_loc" classname="data_structure.DataFrameSelectionTest" time="0.0"/>
  <testcase name="test_Index_Out_iloc" classname="data_structure.DataFrameSelectionTest" time="0.0"/>
  <testcase name="test__Illegal_Argument_loc" classname="data_structure.DataFrameSelectionTest" time="0.0"/>
  <testcase name="test_iloc_failed" classname="data_structure.DataFrameSelectionTest" time="0.001"/>
  <testcase name="test_loc_unknown_label" classname="data_structure.DataFrameSelectionTest" time="0.0"/>
  <testcase name="test__Illegal_Argument_iloc" classname="data_structure.DataFrameSelectionTest" time="0.0"/>
  <system-out><![CDATA[]]></system-out>
  <system-err><![CDATA[]]></system-err>
</testsuite>
