<?xml version="1.0" encoding="UTF-8"?>
<testsuite name="utils.CsvParserTest" tests="8" skipped="0" failures="0" errors="0" timestamp="2019-04-16T17:21:23" hostname="DESKTOP-UAFVBFT" time="0.007">
  <properties/>
  <testcase name="testSansIndex" classname="utils.CsvParserTest" time="0.001"/>
  <testcase name="testInt" classname="utils.CsvParserTest" time="0.001"/>
  <testcase name="getIndexes" classname="utils.CsvParserTest" time="0.001"/>
  <testcase name="testAvecIndex" classname="utils.CsvParserTest" time="0.0"/>
  <testcase name="test_index_en_trop" classname="utils.CsvParserTest" time="0.001"/>
  <testcase name="getLabels" classname="utils.CsvParserTest" time="0.0"/>
  <testcase name="testDouble" classname="utils.CsvParserTest" time="0.0"/>
  <testcase name="getColumns" classname="utils.CsvParserTest" time="0.0"/>
  <system-out><![CDATA[]]></system-out>
  <system-err><![CDATA[]]></system-err>
</testsuite>
