<?xml version="1.0" encoding="UTF-8"?>
<testsuite name="data_structure.DataFrameStatsTest" tests="16" skipped="0" failures="0" errors="0" timestamp="2019-04-16T17:21:23" hostname="DESKTOP-UAFVBFT" time="0.011">
  <properties/>
  <testcase name="test_min_Illegal_Argument" classname="data_structure.DataFrameStatsTest" time="0.0"/>
  <testcase name="test_sum_skipna_false" classname="data_structure.DataFrameStatsTest" time="0.001"/>
  <testcase name="test_avg_Illegal_Argument" classname="data_structure.DataFrameStatsTest" time="0.0"/>
  <testcase name="test_avg" classname="data_structure.DataFrameStatsTest" time="0.0"/>
  <testcase name="test_max" classname="data_structure.DataFrameStatsTest" time="0.0"/>
  <testcase name="test_min" classname="data_structure.DataFrameStatsTest" time="0.0"/>
  <testcase name="test_sum" classname="data_structure.DataFrameStatsTest" time="0.001"/>
  <testcase name="test_max_Illegal_Argument" classname="data_structure.DataFrameStatsTest" time="0.0"/>
  <testcase name="test_sum_Illegal_Argument" classname="data_structure.DataFrameStatsTest" time="0.001"/>
  <testcase name="test_avg_skipna_false" classname="data_structure.DataFrameStatsTest" time="0.001"/>
  <testcase name="test_max_axis1" classname="data_structure.DataFrameStatsTest" time="0.0"/>
  <testcase name="test_avg_axis1" classname="data_structure.DataFrameStatsTest" time="0.001"/>
  <testcase name="test_min_skipna_false" classname="data_structure.DataFrameStatsTest" time="0.001"/>
  <testcase name="test_max_skipna_false" classname="data_structure.DataFrameStatsTest" time="0.0"/>
  <testcase name="test_min_axis1" classname="data_structure.DataFrameStatsTest" time="0.0"/>
  <testcase name="test_sum_axis1" classname="data_structure.DataFrameStatsTest" time="0.0"/>
  <system-out><![CDATA[]]></system-out>
  <system-err><![CDATA[]]></system-err>
</testsuite>
